# JRE version: OpenJDK Runtime Environment (7.0_79-b14) (build 1.7.0_79-b14)
# Java VM: OpenJDK 64-Bit Server VM (24.79-b02 mixed mode linux-amd64 compressed oops)
Heap
 PSYoungGen      total 211456K, used 29470K [0x00000000eaa80000, 0x00000000ff500000, 0x0000000100000000)
  eden space 170496K, 0% used [0x00000000eaa80000,0x00000000eaa80000,0x00000000f5100000)
  from space 40960K, 71% used [0x00000000f8500000,0x00000000fa1c7b90,0x00000000fad00000)
  to   space 53248K, 0% used [0x00000000f5100000,0x00000000f5100000,0x00000000f8500000)
 ParOldGen       total 76288K, used 75806K [0x00000000c0000000, 0x00000000c4a80000, 0x00000000eaa80000)
  object space 76288K, 99% used [0x00000000c0000000,0x00000000c4a07840,0x00000000c4a80000)
 PSPermGen       total 21504K, used 6358K [0x00000000b5a00000, 0x00000000b6f00000, 0x00000000c0000000)
  object space 21504K, 29% used [0x00000000b5a00000,0x00000000b6035a70,0x00000000b6f00000)
GC Heap History (10 events):
Event: 27,530 GC heap after
Heap after GC invocations=9 (full 0):
 PSYoungGen      total 142848K, used 22517K [0x00000000eaa80000, 0x00000000fa080000, 0x0000000100000000)
  eden space 120320K, 0% used [0x00000000eaa80000,0x00000000eaa80000,0x00000000f2000000)
  from space 22528K, 99% used [0x00000000f2000000,0x00000000f35fd550,0x00000000f3600000)
  to   space 29696K, 0% used [0x00000000f8380000,0x00000000f8380000,0x00000000fa080000)
 ParOldGen       total 39936K, used 35567K [0x00000000c0000000, 0x00000000c2700000, 0x00000000eaa80000)
  object space 39936K, 89% used [0x00000000c0000000,0x00000000c22bbcf8,0x00000000c2700000)
 PSPermGen       total 21504K, used 6252K [0x00000000b5a00000, 0x00000000b6f00000, 0x00000000c0000000)
  object space 21504K, 29% used [0x00000000b5a00000,0x00000000b601b348,0x00000000b6f00000)
}
Event: 27,530 GC heap before
{Heap before GC invocations=10 (full 1):
 PSYoungGen      total 142848K, used 22517K [0x00000000eaa80000, 0x00000000fa080000, 0x0000000100000000)
  eden space 120320K, 0% used [0x00000000eaa80000,0x00000000eaa80000,0x00000000f2000000)
  from space 22528K, 99% used [0x00000000f2000000,0x00000000f35fd550,0x00000000f3600000)
  to   space 29696K, 0% used [0x00000000f8380000,0x00000000f8380000,0x00000000fa080000)
 ParOldGen       total 39936K, used 35567K [0x00000000c0000000, 0x00000000c2700000, 0x00000000eaa80000)
  object space 39936K, 89% used [0x00000000c0000000,0x00000000c22bbcf8,0x00000000c2700000)
 PSPermGen       total 21504K, used 6252K [0x00000000b5a00000, 0x00000000b6f00000, 0x00000000c0000000)
  object space 21504K, 29% used [0x00000000b5a00000,0x00000000b601b348,0x00000000b6f00000)
Event: 29,002 GC heap after
Heap after GC invocations=10 (full 1):
 PSYoungGen      total 142848K, used 4003K [0x00000000eaa80000, 0x00000000fa080000, 0x0000000100000000)
  eden space 120320K, 0% used [0x00000000eaa80000,0x00000000eaa80000,0x00000000f2000000)
  from space 22528K, 17% used [0x00000000f2000000,0x00000000f23e8fb8,0x00000000f3600000)
  to   space 29696K, 0% used [0x00000000f8380000,0x00000000f8380000,0x00000000fa080000)
 ParOldGen       total 76288K, used 39655K [0x00000000c0000000, 0x00000000c4a80000, 0x00000000eaa80000)
  object space 76288K, 51% used [0x00000000c0000000,0x00000000c26b9ef8,0x00000000c4a80000)
 PSPermGen       total 21504K, used 6249K [0x00000000b5a00000, 0x00000000b6f00000, 0x00000000c0000000)
  object space 21504K, 29% used [0x00000000b5a00000,0x00000000b601a6b8,0x00000000b6f00000)
}
Event: 34,567 GC heap before
{Heap before GC invocations=11 (full 1):
 PSYoungGen      total 142848K, used 124323K [0x00000000eaa80000, 0x00000000fa080000, 0x0000000100000000)
  eden space 120320K, 100% used [0x00000000eaa80000,0x00000000f2000000,0x00000000f2000000)
  from space 22528K, 17% used [0x00000000f2000000,0x00000000f23e8fb8,0x00000000f3600000)
  to   space 29696K, 0% used [0x00000000f8380000,0x00000000f8380000,0x00000000fa080000)
 ParOldGen       total 76288K, used 39655K [0x00000000c0000000, 0x00000000c4a80000, 0x00000000eaa80000)
  object space 76288K, 51% used [0x00000000c0000000,0x00000000c26b9ef8,0x00000000c4a80000)
 PSPermGen       total 21504K, used 6265K [0x00000000b5a00000, 0x00000000b6f00000, 0x00000000c0000000)
  object space 21504K, 29% used [0x00000000b5a00000,0x00000000b601e790,0x00000000b6f00000)
Event: 34,804 GC heap after
Heap after GC invocations=11 (full 1):
 PSYoungGen      total 167936K, used 20147K [0x00000000eaa80000, 0x00000000f9780000, 0x0000000100000000)
  eden space 147456K, 0% used [0x00000000eaa80000,0x00000000eaa80000,0x00000000f3a80000)
  from space 20480K, 98% used [0x00000000f8380000,0x00000000f972cf88,0x00000000f9780000)
  to   space 31232K, 0% used [0x00000000f5a80000,0x00000000f5a80000,0x00000000f7900000)
 ParOldGen       total 76288K, used 39807K [0x00000000c0000000, 0x00000000c4a80000, 0x00000000eaa80000)
  object space 76288K, 52% used [0x00000000c0000000,0x00000000c26dfef8,0x00000000c4a80000)
 PSPermGen       total 21504K, used 6265K [0x00000000b5a00000, 0x00000000b6f00000, 0x00000000c0000000)
  object space 21504K, 29% used [0x00000000b5a00000,0x00000000b601e790,0x00000000b6f00000)
}
Event: 40,919 GC heap before
{Heap before GC invocations=12 (full 1):
 PSYoungGen      total 167936K, used 167603K [0x00000000eaa80000, 0x00000000f9780000, 0x0000000100000000)
  eden space 147456K, 100% used [0x00000000eaa80000,0x00000000f3a80000,0x00000000f3a80000)
  from space 20480K, 98% used [0x00000000f8380000,0x00000000f972cf88,0x00000000f9780000)
  to   space 31232K, 0% used [0x00000000f5a80000,0x00000000f5a80000,0x00000000f7900000)
 ParOldGen       total 76288K, used 39807K [0x00000000c0000000, 0x00000000c4a80000, 0x00000000eaa80000)
  object space 76288K, 52% used [0x00000000c0000000,0x00000000c26dfef8,0x00000000c4a80000)
 PSPermGen       total 21504K, used 6285K [0x00000000b5a00000, 0x00000000b6f00000, 0x00000000c0000000)
  object space 21504K, 29% used [0x00000000b5a00000,0x00000000b6023490,0x00000000b6f00000)
Event: 41,194 GC heap after
Heap after GC invocations=12 (full 1):
 PSYoungGen      total 211456K, used 31217K [0x00000000eaa80000, 0x00000000fad00000, 0x0000000100000000)
  eden space 180224K, 0% used [0x00000000eaa80000,0x00000000eaa80000,0x00000000f5a80000)
  from space 31232K, 99% used [0x00000000f5a80000,0x00000000f78fc588,0x00000000f7900000)
  to   space 40960K, 0% used [0x00000000f8500000,0x00000000f8500000,0x00000000fad00000)
 ParOldGen       total 76288K, used 52385K [0x00000000c0000000, 0x00000000c4a80000, 0x00000000eaa80000)
  object space 76288K, 68% used [0x00000000c0000000,0x00000000c3328740,0x00000000c4a80000)
 PSPermGen       total 21504K, used 6285K [0x00000000b5a00000, 0x00000000b6f00000, 0x00000000c0000000)
  object space 21504K, 29% used [0x00000000b5a00000,0x00000000b6023490,0x00000000b6f00000)
}
Event: 45,455 GC heap before
{Heap before GC invocations=13 (full 1):
 PSYoungGen      total 211456K, used 211441K [0x00000000eaa80000, 0x00000000fad00000, 0x0000000100000000)
  eden space 180224K, 100% used [0x00000000eaa80000,0x00000000f5a80000,0x00000000f5a80000)
  from space 31232K, 99% used [0x00000000f5a80000,0x00000000f78fc588,0x00000000f7900000)
  to   space 40960K, 0% used [0x00000000f8500000,0x00000000f8500000,0x00000000fad00000)
 ParOldGen       total 76288K, used 52385K [0x00000000c0000000, 0x00000000c4a80000, 0x00000000eaa80000)
  object space 76288K, 68% used [0x00000000c0000000,0x00000000c3328740,0x00000000c4a80000)
 PSPermGen       total 21504K, used 6359K [0x00000000b5a00000, 0x00000000b6f00000, 0x00000000c0000000)
  object space 21504K, 29% used [0x00000000b5a00000,0x00000000b6035d50,0x00000000b6f00000)
Event: 45,841 GC heap after
Heap after GC invocations=13 (full 1):
 PSYoungGen      total 211456K, used 40929K [0x00000000eaa80000, 0x00000000ff500000, 0x0000000100000000)
  eden space 170496K, 0% used [0x00000000eaa80000,0x00000000eaa80000,0x00000000f5100000)
  from space 40960K, 99% used [0x00000000f8500000,0x00000000facf86e8,0x00000000fad00000)
  to   space 53248K, 0% used [0x00000000f5100000,0x00000000f5100000,0x00000000f8500000)
 ParOldGen       total 76288K, used 67296K [0x00000000c0000000, 0x00000000c4a80000, 0x00000000eaa80000)
  object space 76288K, 88% used [0x00000000c0000000,0x00000000c41b80f0,0x00000000c4a80000)
 PSPermGen       total 21504K, used 6359K [0x00000000b5a00000, 0x00000000b6f00000, 0x00000000c0000000)
  object space 21504K, 29% used [0x00000000b5a00000,0x00000000b6035d50,0x00000000b6f00000)
}
Event: 45,841 GC heap before
{Heap before GC invocations=14 (full 2):
 PSYoungGen      total 211456K, used 40929K [0x00000000eaa80000, 0x00000000ff500000, 0x0000000100000000)
  eden space 170496K, 0% used [0x00000000eaa80000,0x00000000eaa80000,0x00000000f5100000)
  from space 40960K, 99% used [0x00000000f8500000,0x00000000facf86e8,0x00000000fad00000)
  to   space 53248K, 0% used [0x00000000f5100000,0x00000000f5100000,0x00000000f8500000)
 ParOldGen       total 76288K, used 67296K [0x00000000c0000000, 0x00000000c4a80000, 0x00000000eaa80000)
  object space 76288K, 88% used [0x00000000c0000000,0x00000000c41b80f0,0x00000000c4a80000)
 PSPermGen       total 21504K, used 6359K [0x00000000b5a00000, 0x00000000b6f00000, 0x00000000c0000000)
  object space 21504K, 29% used [0x00000000b5a00000,0x00000000b6035d50,0x00000000b6f00000)

